This is pdfTeX, Version 3.141592653-2.6-1.40.24 (MiKTeX 22.7) (preloaded format=pdflatex 2022.7.25)  31 JUL 2022 11:37
entering extended mode
 restricted \write18 enabled.
 file:line:error style messages enabled.
 %&-line parsing enabled.
**"c:/Users/ayanr/OneDrive - Lovely Professional University/AKUMA/K21MR Sem 3/syllabus.tex"
(c:/Users/ayanr/OneDrive - Lovely Professional University/AKUMA/K21MR Sem 3/syllabus.tex
LaTeX2e <2022-06-01> patch level 5
L3 programming layer <2022-07-04> (C:\Users\ayanr\AppData\Local\Programs\MiKTeX\tex/latex/base\article.cls
Document Class: article 2021/10/04 v1.4n Standard LaTeX document class
(C:\Users\ayanr\AppData\Local\Programs\MiKTeX\tex/latex/base\size10.clo
File: size10.clo 2021/10/04 v1.4n Standard LaTeX file (size option)
)
\c@part=\count185
\c@section=\count186
\c@subsection=\count187
\c@subsubsection=\count188
\c@paragraph=\count189
\c@subparagraph=\count190
\c@figure=\count191
\c@table=\count192
\abovecaptionskip=\skip47
\belowcaptionskip=\skip48
\bibindent=\dimen138
) (C:\Users\ayanr\AppData\Local\Programs\MiKTeX\tex/latex/geometry\geometry.sty
Package: geometry 2020/01/02 v5.9 Page Geometry
 (C:\Users\ayanr\AppData\Local\Programs\MiKTeX\tex/latex/graphics\keyval.sty
Package: keyval 2022/05/29 v1.15 key=value parser (DPC)
\KV@toks@=\toks16
) (C:\Users\ayanr\AppData\Local\Programs\MiKTeX\tex/generic/iftex\ifvtex.sty
Package: ifvtex 2019/10/25 v1.7 ifvtex legacy package. Use iftex instead.
 (C:\Users\ayanr\AppData\Local\Programs\MiKTeX\tex/generic/iftex\iftex.sty
Package: iftex 2022/02/03 v1.0f TeX engine tests
))
\Gm@cnth=\count193
\Gm@cntv=\count194
\c@Gm@tempcnt=\count195
\Gm@bindingoffset=\dimen139
\Gm@wd@mp=\dimen140
\Gm@odd@mp=\dimen141
\Gm@even@mp=\dimen142
\Gm@layoutwidth=\dimen143
\Gm@layoutheight=\dimen144
\Gm@layouthoffset=\dimen145
\Gm@layoutvoffset=\dimen146
\Gm@dimlist=\toks17
 (C:\Users\ayanr\AppData\Local\Programs\MiKTeX\tex/latex/geometry\geometry.cfg)) (C:\Users\ayanr\AppData\Local\Programs\MiKTeX\tex/latex/amsmath\amsmath.sty
Package: amsmath 2022/04/08 v2.17n AMS math features
\@mathmargin=\skip49

For additional information on amsmath, use the `?' option.
(C:\Users\ayanr\AppData\Local\Programs\MiKTeX\tex/latex/amsmath\amstext.sty
Package: amstext 2021/08/26 v2.01 AMS text
 (C:\Users\ayanr\AppData\Local\Programs\MiKTeX\tex/latex/amsmath\amsgen.sty
File: amsgen.sty 1999/11/30 v2.0 generic functions
\@emptytoks=\toks18
\ex@=\dimen147
)) (C:\Users\ayanr\AppData\Local\Programs\MiKTeX\tex/latex/amsmath\amsbsy.sty
Package: amsbsy 1999/11/29 v1.2d Bold Symbols
\pmbraise@=\dimen148
) (C:\Users\ayanr\AppData\Local\Programs\MiKTeX\tex/latex/amsmath\amsopn.sty
Package: amsopn 2022/04/08 v2.04 operator names
)
\inf@bad=\count196
LaTeX Info: Redefining \frac on input line 234.
\uproot@=\count197
\leftroot@=\count198
LaTeX Info: Redefining \overline on input line 399.
LaTeX Info: Redefining \colon on input line 410.
\classnum@=\count199
\DOTSCASE@=\count266
LaTeX Info: Redefining \ldots on input line 496.
LaTeX Info: Redefining \dots on input line 499.
LaTeX Info: Redefining \cdots on input line 620.
\Mathstrutbox@=\box51
\strutbox@=\box52
LaTeX Info: Redefining \big on input line 722.
LaTeX Info: Redefining \Big on input line 723.
LaTeX Info: Redefining \bigg on input line 724.
LaTeX Info: Redefining \Bigg on input line 725.
\big@size=\dimen149
LaTeX Font Info:    Redeclaring font encoding OML on input line 743.
LaTeX Font Info:    Redeclaring font encoding OMS on input line 744.
\macc@depth=\count267
LaTeX Info: Redefining \bmod on input line 905.
LaTeX Info: Redefining \pmod on input line 910.
LaTeX Info: Redefining \smash on input line 940.
LaTeX Info: Redefining \relbar on input line 970.
LaTeX Info: Redefining \Relbar on input line 971.
\c@MaxMatrixCols=\count268
\dotsspace@=\muskip16
\c@parentequation=\count269
\dspbrk@lvl=\count270
\tag@help=\toks19
\row@=\count271
\column@=\count272
\maxfields@=\count273
\andhelp@=\toks20
\eqnshift@=\dimen150
\alignsep@=\dimen151
\tagshift@=\dimen152
\tagwidth@=\dimen153
\totwidth@=\dimen154
\lineht@=\dimen155
\@envbody=\toks21
\multlinegap=\skip50
\multlinetaggap=\skip51
\mathdisplay@stack=\toks22
LaTeX Info: Redefining \[ on input line 2953.
LaTeX Info: Redefining \] on input line 2954.
) (C:\Users\ayanr\AppData\Local\Programs\MiKTeX\tex/latex/hyphenat\hyphenat.sty
Package: hyphenat 2009/09/02 v2.3c hyphenation utilities
\langwohyphens=\language79
LaTeX Info: Redefining \_ on input line 43.
) (C:\Users\ayanr\AppData\Local\Programs\MiKTeX\tex/latex/l3backend\l3backend-pdftex.def
File: l3backend-pdftex.def 2022-07-01 L3 backend support: PDF output (pdfTeX)
\l__color_backend_stack_int=\count274
\l__pdf_internal_box=\box53
) (syllabus.aux)
\openout1 = `syllabus.aux'.

LaTeX Font Info:    Checking defaults for OML/cmm/m/it on input line 8.
LaTeX Font Info:    ... okay on input line 8.
LaTeX Font Info:    Checking defaults for OMS/cmsy/m/n on input line 8.
LaTeX Font Info:    ... okay on input line 8.
LaTeX Font Info:    Checking defaults for OT1/cmr/m/n on input line 8.
LaTeX Font Info:    ... okay on input line 8.
LaTeX Font Info:    Checking defaults for T1/cmr/m/n on input line 8.
LaTeX Font Info:    ... okay on input line 8.
LaTeX Font Info:    Checking defaults for TS1/cmr/m/n on input line 8.
LaTeX Font Info:    ... okay on input line 8.
LaTeX Font Info:    Checking defaults for OMX/cmex/m/n on input line 8.
LaTeX Font Info:    ... okay on input line 8.
LaTeX Font Info:    Checking defaults for U/cmr/m/n on input line 8.
LaTeX Font Info:    ... okay on input line 8.

*geometry* driver: auto-detecting
*geometry* detected driver: pdftex
*geometry* verbose mode - [ preamble ] result:
* driver: pdftex
* paper: a4paper
* layout: <same size as paper>
* layoutoffset:(h,v)=(0.0pt,0.0pt)
* modes: 
* h-part:(L,W,R)=(45.80893pt, 505.89pt, 45.80894pt)
* v-part:(T,H,B)=(48.93872pt, 722.7pt, 73.40813pt)
* \paperwidth=597.50787pt
* \paperheight=845.04684pt
* \textwidth=505.89pt
* \textheight=722.7pt
* \oddsidemargin=-26.46106pt
* \evensidemargin=-26.46106pt
* \topmargin=-60.33127pt
* \headheight=12.0pt
* \headsep=25.0pt
* \topskip=10.0pt
* \footskip=30.0pt
* \marginparwidth=4.0pt
* \marginparsep=10.0pt
* \columnsep=10.0pt
* \skip\footins=9.0pt plus 4.0pt minus 2.0pt
* \hoffset=0.0pt
* \voffset=0.0pt
* \mag=1000
* \@twocolumntrue
* \@twosidefalse
* \@mparswitchfalse
* \@reversemarginfalse
* (1in=72.27pt=25.4mm, 1cm=28.453pt)


Underfull \hbox (badness 3590) in paragraph at lines 10--10
[]\OT1/cmr/bx/n/14.4 CSE205: Data Struc-tures and
 []


Underfull \hbox (badness 5504) in paragraph at lines 15--16
\OT1/cmr/m/n/10 Traver-sal, In-ser-tion, Dele-tion, Sort-ing, Search-ing,
 []


Underfull \hbox (badness 10000) in paragraph at lines 20--21
\OT1/cmr/m/n/10 Introduction, Mem-ory rep-re-sen-ta-tion, Al-lo-ca-tion,
 []


Underfull \hbox (badness 3229) in paragraph at lines 20--21
\OT1/cmr/m/n/10 Traver-sal, In-ser-tion, Dele-tion, Header linked lists:
 []


Underfull \hbox (badness 10000) in paragraph at lines 23--24
\OT1/cmr/m/n/10 Introduction: List and Ar-ray rep-re-sen-ta-tions,
 []


Underfull \hbox (badness 6220) in paragraph at lines 23--24
\OT1/cmr/m/n/10 Op-er-a-tions on Stack (traver-sal, push and pop),
 []


Underfull \hbox (badness 1968) in paragraph at lines 23--24
\OT1/cmr/m/n/10 Arith-metic ex-pres-sions: Pol-ish no-ta-tion, eval-u-a-tion
 []


Underfull \hbox (badness 1038) in paragraph at lines 28--29
\OT1/cmr/m/n/10 Binary Trees: In-tro-duc-tion (com-plete and ex-tended
 []


Underfull \hbox (badness 1117) in paragraph at lines 28--29
\OT1/cmr/m/n/10 and dele-tion, In-order traver-sal, Pre-order traver-sal,
 []


Underfull \hbox (badness 10000) in paragraph at lines 36--37
\OT1/cmr/m/n/10 Warshall's al-go-rithm, Graph Traver-sal: BFS,
 []


Underfull \hbox (badness 10000) in paragraph at lines 36--37
\OT1/cmr/m/n/10 DFS, Short-est path al-go-rithm Floyd War-shall
 []


Underfull \hbox (badness 2635) in paragraph at lines 38--39
\OT1/cmr/m/n/10 Hashing in-tro-duc-tion: hash func-tions, hash ta-ble,
 []

[1{C:/Users/ayanr/AppData/Local/MiKTeX/fonts/map/pdftex/pdftex.map}


]
Underfull \hbox (badness 1178) in paragraph at lines 55--56
\OT1/cmr/m/n/10 Program to demon-strate con-cept of re-cur-sions with
 []


Underfull \hbox (badness 1688) in paragraph at lines 68--69
\OT1/cmr/m/n/10 Networks and Types, Uses of Com-puter Net-works,
 []


Underfull \hbox (badness 4543) in paragraph at lines 68--69
\OT1/cmr/m/n/10 Net-work soft-ware ar-chi-tec-ture and its lay-ers and
 []


Underfull \hbox (badness 5331) in paragraph at lines 68--69
\OT1/cmr/m/n/10 pro-to-cols, Net-work hard-ware ar-chi-tec-ture and its
 []


Underfull \hbox (badness 1400) in paragraph at lines 73--74
\OT1/cmr/m/n/10 sig-nals, Trans-mis-sion Im-pair-ments and Per-for-mance,
 []


Underfull \hbox (badness 4416) in paragraph at lines 73--74
\OT1/cmr/m/n/10 Data Rate, Trans-mis-sion me-dia like Guided and
 []


Underfull \hbox (badness 5175) in paragraph at lines 75--76
\OT1/cmr/m/n/10 Digital to Dig-i-tal Con-ver-sion, Ana-log to Dig-i-tal
 []


Underfull \hbox (badness 1067) in paragraph at lines 78--79
\OT1/cmr/m/n/10 Data link Layer de-sign is-sues, El-e-men-tary Datalink
 []


Underfull \hbox (badness 4582) in paragraph at lines 80--81
\OT1/cmr/m/n/10 Multiple Ac-cess Pro-to-cols: ALOHA, CSMA and
 []


Underfull \hbox (badness 5460) in paragraph at lines 83--84
\OT1/cmr/m/n/10 Network layer de-sign is-sue, IP Ad-dress-ing Both
 []


Underfull \hbox (badness 10000) in paragraph at lines 95--95
[]\OT1/cmr/bx/n/14.4 CSE307: In-ter-net-work-ing
 []


Underfull \hbox (badness 2753) in paragraph at lines 96--96
[]\OT1/cmr/bx/n/12 Network hard-ware and IP ad-dress-ing
 []


Underfull \hbox (badness 1142) in paragraph at lines 104--105
\OT1/cmr/m/n/10 Ping, trac-ert, arp, net-stat, ip-con-fig, ftp, nslookup,
 []


Underfull \hbox (badness 1527) in paragraph at lines 104--105
\OT1/cmr/m/n/10 sn-mpget, sn-mpget-bulk and sn-mpset (use DOS and
 []

[2]
Underfull \hbox (badness 3930) in paragraph at lines 116--118
[]\OT1/cmr/m/n/10 Implementation of LAN with con-fig-u-ra-tion of
 []


Underfull \hbox (badness 5431) in paragraph at lines 121--122
[]\OT1/cmr/m/n/10 IPv6 Ad-dress-ing and State-less Ad-dress Auto
 []


Underfull \hbox (badness 2990) in paragraph at lines 136--137
\OT1/cmr/m/n/10 us-ing UML, use case model de-vel-op-ment, Cod-ing
 []


Underfull \hbox (badness 1783) in paragraph at lines 161--162
\OT1/cmr/m/n/10 function calls, type con-ver-sion and co-er-cion, math
 []


Underfull \hbox (badness 7631) in paragraph at lines 161--162
\OT1/cmr/m/n/10 func-tions, adding new func-tion, pa-ram-e-ters and
 []

[3]
Underfull \hbox (badness 2635) in paragraph at lines 166--167
\OT1/cmr/m/n/10 list val-ues, length, mem-ber-ship, op-er-a-tions, slices,
 []


Underfull \hbox (badness 1221) in paragraph at lines 171--172
\OT1/cmr/m/n/10 creating classes, cre-at-ing in-stance ob-jects, ac-cess-ing
 []


Underfull \hbox (badness 6063) in paragraph at lines 176--177
\OT1/cmr/m/n/10 text files, writ-ing vari-ables, di-rec-to-ries, pick-ling,
 []


Underfull \hbox (badness 1048) in paragraph at lines 183--184
\OT1/cmr/m/n/10 Installation of MySQL Database Soft-ware, Ver-i-fy-ing
 []


Underfull \hbox (badness 3068) in paragraph at lines 183--184
\OT1/cmr/m/n/10 In-stal-la-tion, Work-ing with MySQl Databse, Us-ing
 []


Underfull \hbox (badness 1527) in paragraph at lines 192--192
[]\OT1/cmr/bx/n/14.4 INT306: Database Man-age-ment
 []


Underfull \hbox (badness 1337) in paragraph at lines 195--197
\OT1/cmr/m/n/10 purpose of database sys-tems, com-po-nents of dbms,
 []


Underfull \hbox (badness 5022) in paragraph at lines 199--200
\OT1/cmr/m/n/10 relational al-ge-bra, in-tro-duc-tion to data def-i-ni-tion
 []


Underfull \hbox (badness 10000) in paragraph at lines 199--200
\OT1/cmr/m/n/10 lan-guage, data ma-nip-u-la-tion, data con-trol and
 []


Underfull \hbox (badness 5431) in paragraph at lines 199--200
\OT1/cmr/m/n/10 trans-ac-tion con-trol lan-guage, in-tegrity con-straints,
 []


Underfull \hbox (badness 7012) in paragraph at lines 199--200
\OT1/cmr/m/n/10 database keys, SQL ba-sic op-er-a-tions, Ag-gre-gate
 []


Underfull \hbox (badness 1005) in paragraph at lines 202--203
\OT1/cmr/m/n/10 data in-tegrity rules, func-tional de-pen-dency, need of
 []


Underfull \hbox (badness 1635) in paragraph at lines 205--206
\OT1/cmr/m/n/10 transaction sys-tem con-cepts, de-sir-able prop-er-ties of
 []


Underfull \hbox (badness 4492) in paragraph at lines 205--206
\OT1/cmr/m/n/10 trans-ac-tions, sched-ules, se-ri-al-iz-abil-ity of sched-ules,
 []

[4]
Underfull \hbox (badness 1448) in paragraph at lines 211--212
\OT1/cmr/m/n/10 file or-ga-ni-za-tions and its types, in-dex-ing, types of
 []


Underfull \hbox (badness 7168) in paragraph at lines 220--221
\OT1/cmr/m/n/10 Usage of the ag-gre-ga-tion func-tions in SE-LECT
 []


Underfull \hbox (badness 10000) in paragraph at lines 245--246
\OT1/cmr/m/n/10 Propositional logic, propo-si-tional equiv-a-lences,
 []


Underfull \hbox (badness 1072) in paragraph at lines 245--246
\OT1/cmr/m/n/10 quan-ti-fiers, In-tro-duc-tion to proof, di-rect proof,proof
 []


Underfull \hbox (badness 1571) in paragraph at lines 245--246
\OT1/cmr/m/n/10 by con-tra-po-si-tion, vac-u-ous and triv-ial proof, proof
 []


Underfull \hbox (badness 3803) in paragraph at lines 248--249
\OT1/cmr/m/n/10 non-homogeneous re-cur-rence re-la-tion with con-stant
 []


Underfull \hbox (badness 2080) in paragraph at lines 251--253
\OT1/cmr/m/n/10 pi-geon-hole prin-ci-ple, re-la-tions and their prop-er-ties,
 []


Underfull \hbox (badness 1281) in paragraph at lines 255--256
\OT1/cmr/m/n/10 cy-cle, reg-u-lar, wheel, cube, bi-par-tite and com-plete
 []

[5]
Underfull \hbox (badness 10000) in paragraph at lines 260--260
[]\OT1/cmr/bx/n/10 Number the-ory and its ap-pli-ca-tion in
 []


Underfull \hbox (badness 10000) in paragraph at lines 261--263
\OT1/cmr/m/n/10 of (a mod-ulo m), Chi-nese re-main-der the-o-rem,
 []


Underfull \hbox (badness 4699) in paragraph at lines 261--263
\OT1/cmr/m/n/10 en-cryp-tion and de-cryp-tion by Ceasar ci-pher and
 []


Underfull \hbox (badness 10000) in paragraph at lines 263--263
[]\OT1/cmr/bx/n/14.4 PEL136: Ad-vanced
 []


Underfull \hbox (badness 10000) in paragraph at lines 268--269
\OT1/cmr/m/n/10 discussion, group pre-sen-ta-tion, pair dis-cus-sion,
 []


Underfull \hbox (badness 2165) in paragraph at lines 268--269
\OT1/cmr/m/n/10 sto-ry-telling, role play, group dis-cus-sion, pre-sent-ing
 []


Underfull \hbox (badness 1286) in paragraph at lines 270--271
\OT1/cmr/m/n/10 match the word with cor-rect def-i-ni-tion, de-scrip-tion
 []


Underfull \hbox (badness 10000) in paragraph at lines 272--273
\OT1/cmr/m/n/10 paragraph writ-ing, an-swer-ing prob-lem state-ment,
 []


Underfull \hbox (badness 2197) in paragraph at lines 272--273
\OT1/cmr/m/n/10 web-site post writ-ing, notes writ-ing, es-say writ-ing,
 []


Underfull \hbox (badness 10000) in paragraph at lines 277--278
\OT1/cmr/m/n/10 col-lo-ca-tions, ex-cep-tional events, prob-lems with
 []


Underfull \hbox (badness 1983) in paragraph at lines 277--278
\OT1/cmr/m/n/10 elec-tron-ics, global chal-lenges, life skills, three-word
 []


Underfull \hbox (badness 10000) in paragraph at lines 277--278
\OT1/cmr/m/n/10 phrasal verbs, per-sonal char-ac-ter-is-tics, re-ac-tions,
 []


Underfull \hbox (badness 1728) in paragraph at lines 279--282
\OT1/cmr/m/n/10 and pref-er-ences, read-ing about in-ter-net and on-line
 []


Underfull \hbox (badness 10000) in paragraph at lines 279--282

 []

[6] (syllabus.aux) ) 
Here is how much of TeX's memory you used:
 1837 strings out of 478338
 29751 string characters out of 2836700
 346834 words of memory out of 3000000
 20295 multiletter control sequences out of 15000+600000
 474870 words of font info for 47 fonts, out of 8000000 for 9000
 1141 hyphenation exceptions out of 8191
 55i,8n,62p,526b,221s stack positions out of 10000i,1000n,20000p,200000b,80000s
 <C:\Users\ayanr\AppData\Local\MiKTeX\fonts/pk/ljfour/jknappen/ec/dpi600\tcrm1000.pk><C:/Users/ayanr/AppData/Local/Programs/MiKTeX/fonts/type1/public/amsfonts/cm/cmbx10.pfb><C:/Users/ayanr/AppData/Local/Programs/MiKTeX/fonts/type1/public/amsfonts/cm/cmbx12.pfb><C:/Users/ayanr/AppData/Local/Programs/MiKTeX/fonts/type1/public/amsfonts/cm/cmr10.pfb><C:/Users/ayanr/AppData/Local/Programs/MiKTeX/fonts/type1/public/amsfonts/cm/cmr12.pfb><C:/Users/ayanr/AppData/Local/Programs/MiKTeX/fonts/type1/public/amsfonts/cm/cmr17.pfb><C:/Users/ayanr/AppData/Local/Programs/MiKTeX/fonts/type1/public/amsfonts/cm/cmti12.pfb>
Output written on syllabus.pdf (6 pages, 111507 bytes).
PDF statistics:
 56 PDF objects out of 1000 (max. 8388607)
 0 named destinations out of 1000 (max. 500000)
 1 words of extra memory for PDF output out of 10000 (max. 10000000)

